L 05/16/2022 - 16:41:15: SourceMod error session started
L 05/16/2022 - 16:41:15: Info (map "de_dust2") (file "/home/namluu253/serverfiles/csgo/addons/sourcemod/logs/errors_20220516.log")
L 05/16/2022 - 16:41:15: [SDKTOOLS] Sigscan for WriteBaselines failed
L 05/16/2022 - 16:41:15: [SDKTOOLS] Failed to find WriteBaselines signature -- stringtable error workaround disabled.
L 05/16/2022 - 17:19:21: SourceMod error session started
L 05/16/2022 - 17:19:21: Info (map "workshop/424131215/aim_map3G") (file "/home/namluu253/serverfiles/csgo/addons/sourcemod/logs/errors_20220516.log")
L 05/16/2022 - 17:19:21: [SM] Exception reported: Cannot set m_iItemIDLow with "FollowCSGOServerGuidelines" option enabled.
L 05/16/2022 - 17:19:21: [SM] Blaming: weapons.smx
L 05/16/2022 - 17:19:21: [SM] Call stack trace:
L 05/16/2022 - 17:19:21: [SM]   [0] SetEntProp
L 05/16/2022 - 17:19:21: [SM]   [1] Line 257, tmp/addons/sourcemod/scripting/weapons.sp::SetWeaponProps
L 05/16/2022 - 17:19:21: [SM]   [2] Line 55, tmp/addons/sourcemod/scripting/weapons/hooks.sp::GiveNamedItemPost
L 05/16/2022 - 17:19:21: [SM]   [4] GivePlayerItem
L 05/16/2022 - 17:19:21: [SM]   [5] Line 356, tmp/addons/sourcemod/scripting/weapons.sp::RefreshWeapon
L 05/16/2022 - 17:19:21: [SM]   [6] Line 39, tmp/addons/sourcemod/scripting/weapons/menus.sp::WeaponsMenuHandler
L 05/16/2022 - 17:19:23: [SM] Exception reported: Cannot set m_iItemIDLow with "FollowCSGOServerGuidelines" option enabled.
L 05/16/2022 - 17:19:23: [SM] Blaming: weapons.smx
L 05/16/2022 - 17:19:23: [SM] Call stack trace:
L 05/16/2022 - 17:19:23: [SM]   [0] SetEntProp
L 05/16/2022 - 17:19:23: [SM]   [1] Line 257, tmp/addons/sourcemod/scripting/weapons.sp::SetWeaponProps
L 05/16/2022 - 17:19:23: [SM]   [2] Line 55, tmp/addons/sourcemod/scripting/weapons/hooks.sp::GiveNamedItemPost
L 05/16/2022 - 17:19:23: [SM]   [4] GivePlayerItem
L 05/16/2022 - 17:19:23: [SM]   [5] Line 356, tmp/addons/sourcemod/scripting/weapons.sp::RefreshWeapon
L 05/16/2022 - 17:19:23: [SM]   [6] Line 39, tmp/addons/sourcemod/scripting/weapons/menus.sp::WeaponsMenuHandler
L 05/16/2022 - 17:19:25: [SM] Exception reported: Cannot set m_iItemIDLow with "FollowCSGOServerGuidelines" option enabled.
L 05/16/2022 - 17:19:25: [SM] Blaming: weapons.smx
L 05/16/2022 - 17:19:25: [SM] Call stack trace:
L 05/16/2022 - 17:19:25: [SM]   [0] SetEntProp
L 05/16/2022 - 17:19:25: [SM]   [1] Line 257, tmp/addons/sourcemod/scripting/weapons.sp::SetWeaponProps
L 05/16/2022 - 17:19:25: [SM]   [2] Line 55, tmp/addons/sourcemod/scripting/weapons/hooks.sp::GiveNamedItemPost
L 05/16/2022 - 17:19:25: [SM]   [4] GivePlayerItem
L 05/16/2022 - 17:19:25: [SM]   [5] Line 356, tmp/addons/sourcemod/scripting/weapons.sp::RefreshWeapon
L 05/16/2022 - 17:19:25: [SM]   [6] Line 39, tmp/addons/sourcemod/scripting/weapons/menus.sp::WeaponsMenuHandler
L 05/16/2022 - 17:19:26: [SM] Exception reported: Cannot set m_iItemIDLow with "FollowCSGOServerGuidelines" option enabled.
L 05/16/2022 - 17:19:26: [SM] Blaming: weapons.smx
L 05/16/2022 - 17:19:26: [SM] Call stack trace:
L 05/16/2022 - 17:19:26: [SM]   [0] SetEntProp
L 05/16/2022 - 17:19:26: [SM]   [1] Line 257, tmp/addons/sourcemod/scripting/weapons.sp::SetWeaponProps
L 05/16/2022 - 17:19:26: [SM]   [2] Line 55, tmp/addons/sourcemod/scripting/weapons/hooks.sp::GiveNamedItemPost
L 05/16/2022 - 17:19:26: [SM]   [4] GivePlayerItem
L 05/16/2022 - 17:19:26: [SM]   [5] Line 356, tmp/addons/sourcemod/scripting/weapons.sp::RefreshWeapon
L 05/16/2022 - 17:19:26: [SM]   [6] Line 39, tmp/addons/sourcemod/scripting/weapons/menus.sp::WeaponsMenuHandler
L 05/16/2022 - 17:19:27: [SM] Exception reported: Cannot set m_iItemIDLow with "FollowCSGOServerGuidelines" option enabled.
L 05/16/2022 - 17:19:27: [SM] Blaming: weapons.smx
L 05/16/2022 - 17:19:27: [SM] Call stack trace:
L 05/16/2022 - 17:19:27: [SM]   [0] SetEntProp
L 05/16/2022 - 17:19:27: [SM]   [1] Line 257, tmp/addons/sourcemod/scripting/weapons.sp::SetWeaponProps
L 05/16/2022 - 17:19:27: [SM]   [2] Line 55, tmp/addons/sourcemod/scripting/weapons/hooks.sp::GiveNamedItemPost
L 05/16/2022 - 17:19:27: [SM]   [4] GivePlayerItem
L 05/16/2022 - 17:19:27: [SM]   [5] Line 356, tmp/addons/sourcemod/scripting/weapons.sp::RefreshWeapon
L 05/16/2022 - 17:19:27: [SM]   [6] Line 39, tmp/addons/sourcemod/scripting/weapons/menus.sp::WeaponsMenuHandler
L 05/16/2022 - 17:19:34: Error log file session closed.
