L 03/05/2022 - 09:23:28: SourceMod log file session started (file "/home/namluu253/serverfiles/csgo/addons/sourcemod/logs/L20220305.log") (Version "1.10.0.6529")
L 03/05/2022 - 09:23:28: -------- Mapchange to de_dust2 --------
L 03/05/2022 - 09:23:58: Log file closed.
L 03/05/2022 - 09:25:46: SourceMod log file session started (file "/home/namluu253/serverfiles/csgo/addons/sourcemod/logs/L20220305.log") (Version "1.10.0.6529")
L 03/05/2022 - 09:25:46: -------- Mapchange to de_dust2 --------
L 03/05/2022 - 09:26:17: Log file closed.
L 03/05/2022 - 09:28:47: SourceMod log file session started (file "/home/namluu253/serverfiles/csgo/addons/sourcemod/logs/L20220305.log") (Version "1.10.0.6529")
L 03/05/2022 - 09:28:47: -------- Mapchange to de_dust2 --------
L 03/05/2022 - 09:30:18: Log file closed.
L 03/05/2022 - 09:48:12: SourceMod log file session started (file "/home/namluu253/serverfiles/csgo/addons/sourcemod/logs/L20220305.log") (Version "1.10.0.6529")
L 03/05/2022 - 09:48:12: -------- Mapchange to de_dust2 --------
L 03/05/2022 - 09:51:47: Log file closed.
L 03/05/2022 - 09:52:35: SourceMod log file session started (file "/home/namluu253/serverfiles/csgo/addons/sourcemod/logs/L20220305.log") (Version "1.10.0.6529")
L 03/05/2022 - 09:52:35: -------- Mapchange to de_dust2 --------
L 03/05/2022 - 09:52:47: Log file closed.
L 03/05/2022 - 09:55:11: SourceMod log file session started (file "/home/namluu253/serverfiles/csgo/addons/sourcemod/logs/L20220305.log") (Version "1.10.0.6529")
L 03/05/2022 - 09:55:11: -------- Mapchange to workshop/1442309016/festival --------
L 03/05/2022 - 09:55:20: -------- Mapchange to workshop/1442309016/festival --------
L 03/05/2022 - 09:56:50: [basecommands.smx] "Console<0><Console><Console>" changed map to "workshop/1431355827/mansion.bsp"
L 03/05/2022 - 09:56:53: [SM] Changed map to "workshop/1431355827/mansion.bsp"
L 03/05/2022 - 09:56:54: -------- Mapchange to workshop/1431355827/mansion --------
L 03/05/2022 - 09:57:54: Log file closed.
L 03/05/2022 - 09:58:09: SourceMod log file session started (file "/home/namluu253/serverfiles/csgo/addons/sourcemod/logs/L20220305.log") (Version "1.10.0.6529")
L 03/05/2022 - 09:58:09: -------- Mapchange to workshop/424131215/aim_map3G --------
L 03/05/2022 - 09:58:20: -------- Mapchange to workshop/424131215/aim_map3G --------
L 03/05/2022 - 09:59:20: Log file closed.
L 03/05/2022 - 10:18:43: SourceMod log file session started (file "/home/namluu253/serverfiles/csgo/addons/sourcemod/logs/L20220305.log") (Version "1.10.0.6529")
L 03/05/2022 - 10:18:43: -------- Mapchange to de_dust2 --------
L 03/05/2022 - 10:22:12: Log file closed.
L 03/05/2022 - 10:24:27: SourceMod log file session started (file "/home/namluu253/serverfiles/csgo/addons/sourcemod/logs/L20220305.log") (Version "1.10.0.6529")
L 03/05/2022 - 10:24:27: -------- Mapchange to de_dust2 --------
L 03/05/2022 - 10:30:43: -------- Mapchange to de_dust2 --------
L 03/05/2022 - 10:45:03: SourceMod log file session started (file "/home/namluu253/serverfiles/csgo/addons/sourcemod/logs/L20220305.log") (Version "1.10.0.6529")
L 03/05/2022 - 10:45:03: -------- Mapchange to de_dust2 --------
L 03/05/2022 - 10:47:42: Log file closed.
L 03/05/2022 - 11:18:45: SourceMod log file session started (file "/home/namluu253/serverfiles/csgo/addons/sourcemod/logs/L20220305.log") (Version "1.10.0.6529")
L 03/05/2022 - 11:18:45: -------- Mapchange to de_dust2 --------
L 03/05/2022 - 11:26:01: Log file closed.
L 03/05/2022 - 12:43:53: SourceMod log file session started (file "/home/namluu253/serverfiles/csgo/addons/sourcemod/logs/L20220305.log") (Version "1.10.0.6529")
L 03/05/2022 - 12:43:53: -------- Mapchange to de_dust2 --------
L 03/05/2022 - 12:44:31: Log file closed.
L 03/05/2022 - 12:47:34: SourceMod log file session started (file "/home/namluu253/serverfiles/csgo/addons/sourcemod/logs/L20220305.log") (Version "1.10.0.6529")
L 03/05/2022 - 12:47:34: -------- Mapchange to de_dust2 --------
L 03/05/2022 - 12:52:38: Log file closed.
L 03/05/2022 - 12:54:11: SourceMod log file session started (file "/home/namluu253/serverfiles/csgo/addons/sourcemod/logs/L20220305.log") (Version "1.10.0.6529")
L 03/05/2022 - 12:54:11: -------- Mapchange to de_dust2 --------
L 03/05/2022 - 13:04:46: Log file closed.
L 03/05/2022 - 13:05:22: SourceMod log file session started (file "/home/namluu253/serverfiles/csgo/addons/sourcemod/logs/L20220305.log") (Version "1.10.0.6529")
L 03/05/2022 - 13:05:22: -------- Mapchange to de_dust2 --------
L 03/05/2022 - 13:26:33: Log file closed.
L 03/05/2022 - 13:29:16: SourceMod log file session started (file "/home/namluu253/serverfiles/csgo/addons/sourcemod/logs/L20220305.log") (Version "1.10.0.6529")
L 03/05/2022 - 13:29:16: -------- Mapchange to de_dust2 --------
L 03/05/2022 - 13:30:52: -------- Mapchange to de_dust2 --------
L 03/05/2022 - 13:35:50: Log file closed.
L 03/05/2022 - 13:36:18: SourceMod log file session started (file "/home/namluu253/serverfiles/csgo/addons/sourcemod/logs/L20220305.log") (Version "1.10.0.6529")
L 03/05/2022 - 13:36:18: -------- Mapchange to de_dust2 --------
L 03/05/2022 - 13:38:44: -------- Mapchange to de_dust2 --------
L 03/05/2022 - 13:47:49: -------- Mapchange to de_dust2 --------
L 03/05/2022 - 13:57:44: Log file closed.
L 03/05/2022 - 14:11:26: SourceMod log file session started (file "/home/namluu253/serverfiles/csgo/addons/sourcemod/logs/L20220305.log") (Version "1.10.0.6529")
L 03/05/2022 - 14:11:26: -------- Mapchange to de_dust2 --------
L 03/05/2022 - 14:16:42: Log file closed.
L 03/05/2022 - 14:17:46: SourceMod log file session started (file "/home/namluu253/serverfiles/csgo/addons/sourcemod/logs/L20220305.log") (Version "1.10.0.6529")
L 03/05/2022 - 14:17:46: -------- Mapchange to de_dust2 --------
L 03/05/2022 - 14:20:19: Log file closed.
L 03/05/2022 - 14:23:00: SourceMod log file session started (file "/home/namluu253/serverfiles/csgo/addons/sourcemod/logs/L20220305.log") (Version "1.10.0.6529")
L 03/05/2022 - 14:23:00: -------- Mapchange to de_dust2 --------
L 03/05/2022 - 14:30:52: [basecommands.smx] "Console<0><Console><Console>" changed map to "workshop/1442309016/festival.bsp"
L 03/05/2022 - 14:30:55: [SM] Changed map to "workshop/1442309016/festival.bsp"
L 03/05/2022 - 14:31:04: -------- Mapchange to de_dust2 --------
L 03/05/2022 - 14:31:24: [basecommands.smx] "Console<0><Console><Console>" changed map to "workshop/1442309016/festival.bsp"
L 03/05/2022 - 14:31:27: [SM] Changed map to "workshop/1442309016/festival.bsp"
L 03/05/2022 - 14:31:57: [basecommands.smx] "Yun<9><STEAM_1:0:449534485><>" changed map to "workshop/1442309016/festival.bsp"
L 03/05/2022 - 14:32:00: [SM] Changed map to "workshop/1442309016/festival.bsp"
L 03/05/2022 - 14:32:13: Log file closed.
L 03/05/2022 - 14:32:35: SourceMod log file session started (file "/home/namluu253/serverfiles/csgo/addons/sourcemod/logs/L20220305.log") (Version "1.10.0.6529")
L 03/05/2022 - 14:32:35: -------- Mapchange to workshop/1442309016/festival --------
L 03/05/2022 - 14:33:14: -------- Mapchange to workshop/1442309016/festival --------
L 03/05/2022 - 14:50:27: Log file closed.
L 03/05/2022 - 14:50:55: SourceMod log file session started (file "/home/namluu253/serverfiles/csgo/addons/sourcemod/logs/L20220305.log") (Version "1.10.0.6529")
L 03/05/2022 - 14:50:55: -------- Mapchange to workshop/1442309016/festival --------
L 03/05/2022 - 14:51:22: -------- Mapchange to workshop/1442309016/festival --------
L 03/05/2022 - 14:53:15: Log file closed.
L 03/05/2022 - 14:53:41: SourceMod log file session started (file "/home/namluu253/serverfiles/csgo/addons/sourcemod/logs/L20220305.log") (Version "1.10.0.6529")
L 03/05/2022 - 14:53:41: -------- Mapchange to workshop/1442309016/festival --------
L 03/05/2022 - 14:54:23: -------- Mapchange to workshop/1442309016/festival --------
L 03/05/2022 - 15:26:02: -------- Mapchange to workshop/1442309016/festival --------
L 03/05/2022 - 16:04:25: [basecommands.smx] "Console<0><Console><Console>" kicked "GOTV<2><BOT><>" (reason "")
L 03/05/2022 - 16:04:25: [basecommands.smx] "Console<0><Console><Console>" kicked "尺ﾑռﾉ乇尺<7><STEAM_1:0:55593755><>" (reason "")
L 03/05/2022 - 16:04:25: [basecommands.smx] "Console<0><Console><Console>" kicked "devzxje<8><STEAM_1:0:132643486><>" (reason "")
L 03/05/2022 - 16:04:25: [basecommands.smx] "Console<0><Console><Console>" kicked "meo` con hu hong<10><STEAM_1:1:237386994><>" (reason "")
L 03/05/2022 - 16:04:25: [basecommands.smx] "Console<0><Console><Console>" kicked "-nez<21><STEAM_1:0:227019349><>" (reason "")
L 03/05/2022 - 16:04:25: [basecommands.smx] "Console<0><Console><Console>" kicked "♫...𝒹𝒶𝓃𝒾ℯ𝓁<14><STEAM_1:1:592150186><>" (reason "")
L 03/05/2022 - 16:05:30: [basecommands.smx] "Console<0><Console><Console>" changed map to "workshop/1369332923/Blackwidow_Ren.bsp"
L 03/05/2022 - 16:05:33: [SM] Changed map to "workshop/1369332923/Blackwidow_Ren.bsp"
L 03/05/2022 - 16:05:35: -------- Mapchange to workshop/1369332923/Blackwidow_Ren --------
L 03/05/2022 - 16:08:26: Log file closed.
L 03/05/2022 - 16:09:41: SourceMod log file session started (file "/home/namluu253/serverfiles/csgo/addons/sourcemod/logs/L20220305.log") (Version "1.10.0.6529")
L 03/05/2022 - 16:09:41: -------- Mapchange to workshop/151072209/de_sa_the_3rd_supplybase_v7_sp --------
L 03/05/2022 - 16:09:57: -------- Mapchange to workshop/151072209/de_sa_the_3rd_supplybase_v7_sp --------
L 03/05/2022 - 16:19:20: [basecommands.smx] "Console<0><Console><Console>" changed map to "workshop/1369332923/Blackwidow_Ren.bsp"
L 03/05/2022 - 16:19:23: [SM] Changed map to "workshop/1369332923/Blackwidow_Ren.bsp"
L 03/05/2022 - 16:19:25: -------- Mapchange to workshop/1369332923/Blackwidow_Ren --------
L 03/05/2022 - 16:29:51: [basebans.smx] "Console<0><Console><Console>" added ban (minutes "30") (ip "1.54.212.204:25197") (reason "bao out ho r")
L 03/05/2022 - 16:31:03: [basecommands.smx] "Console<0><Console><Console>" changed map to "workshop/151072209/de_sa_the_3rd_supplybase_v7_sp.bsp"
L 03/05/2022 - 16:31:07: [SM] Changed map to "workshop/151072209/de_sa_the_3rd_supplybase_v7_sp.bsp"
L 03/05/2022 - 16:31:08: -------- Mapchange to workshop/151072209/de_sa_the_3rd_supplybase_v7_sp --------
L 03/05/2022 - 16:33:34: [SM] Changed map to "cs_office"
L 03/05/2022 - 16:33:35: -------- Mapchange to cs_office --------
L 03/05/2022 - 16:33:52: [basecommands.smx] "Console<0><Console><Console>" changed map to "workshop/151072209/de_sa_the_3rd_supplybase_v7_sp.bsp"
L 03/05/2022 - 16:33:55: [SM] Changed map to "workshop/151072209/de_sa_the_3rd_supplybase_v7_sp.bsp"
L 03/05/2022 - 16:33:56: -------- Mapchange to workshop/151072209/de_sa_the_3rd_supplybase_v7_sp --------
L 03/05/2022 - 16:58:31: [basecommands.smx] "Console<0><Console><Console>" changed map to "workshop/1369332923/Blackwidow_Ren.bsp"
L 03/05/2022 - 16:58:34: [SM] Changed map to "workshop/1369332923/Blackwidow_Ren.bsp"
L 03/05/2022 - 16:58:36: -------- Mapchange to workshop/1369332923/Blackwidow_Ren --------
L 03/05/2022 - 18:07:00: Log file closed.
L 03/05/2022 - 18:14:07: SourceMod log file session started (file "/home/namluu253/serverfiles/csgo/addons/sourcemod/logs/L20220305.log") (Version "1.10.0.6529")
L 03/05/2022 - 18:14:07: -------- Mapchange to workshop/1453568590/zm_mansion --------
L 03/05/2022 - 18:14:51: -------- Mapchange to workshop/1453568590/zm_mansion --------
L 03/05/2022 - 18:16:09: Log file closed.
L 03/05/2022 - 18:16:42: SourceMod log file session started (file "/home/namluu253/serverfiles/csgo/addons/sourcemod/logs/L20220305.log") (Version "1.10.0.6529")
L 03/05/2022 - 18:16:42: -------- Mapchange to workshop/2077267434/de_split --------
L 03/05/2022 - 18:16:47: -------- Mapchange to workshop/2077267434/de_split --------
L 03/05/2022 - 19:09:12: Log file closed.
