L 03/07/2022 - 07:47:35: SourceMod log file session started (file "/home/namluu253/serverfiles/csgo/addons/sourcemod/logs/L20220307.log") (Version "1.10.0.6529")
L 03/07/2022 - 07:47:35: -------- Mapchange to de_dust2 --------
L 03/07/2022 - 07:53:11: Log file closed.
L 03/07/2022 - 07:54:22: SourceMod log file session started (file "/home/namluu253/serverfiles/csgo/addons/sourcemod/logs/L20220307.log") (Version "1.10.0.6529")
L 03/07/2022 - 07:54:22: -------- Mapchange to de_dust2 --------
L 03/07/2022 - 07:58:54: [basecommands.smx] "Yun<5><STEAM_1:0:449534485><>" changed map to "cs_office"
L 03/07/2022 - 07:58:57: [SM] Changed map to "cs_office"
L 03/07/2022 - 07:58:58: -------- Mapchange to cs_office --------
L 03/07/2022 - 08:00:37: Log file closed.
L 03/07/2022 - 08:01:54: SourceMod log file session started (file "/home/namluu253/serverfiles/csgo/addons/sourcemod/logs/L20220307.log") (Version "1.10.0.6529")
L 03/07/2022 - 08:01:54: -------- Mapchange to de_dust2 --------
L 03/07/2022 - 08:02:58: Log file closed.
L 03/07/2022 - 08:04:29: SourceMod log file session started (file "/home/namluu253/serverfiles/csgo/addons/sourcemod/logs/L20220307.log") (Version "1.10.0.6529")
L 03/07/2022 - 08:04:29: -------- Mapchange to de_dust2 --------
L 03/07/2022 - 14:59:07: SourceMod log file session started (file "/home/namluu253/serverfiles/csgo/addons/sourcemod/logs/L20220307.log") (Version "1.10.0.6529")
L 03/07/2022 - 14:59:07: -------- Mapchange to de_dust2 --------
L 03/07/2022 - 14:59:31: Log file closed.
L 03/07/2022 - 15:04:11: SourceMod log file session started (file "/home/namluu253/serverfiles/csgo/addons/sourcemod/logs/L20220307.log") (Version "1.10.0.6529")
L 03/07/2022 - 15:04:11: -------- Mapchange to workshop/1392957812/de_eagleeye --------
L 03/07/2022 - 15:04:19: -------- Mapchange to workshop/1392957812/de_eagleeye --------
L 03/07/2022 - 15:57:11: [basecommands.smx] "Console<0><Console><Console>" changed map to "workshop/586007426/cf_port.bsp"
L 03/07/2022 - 15:57:14: [SM] Changed map to "workshop/586007426/cf_port.bsp"
L 03/07/2022 - 15:57:17: -------- Mapchange to workshop/586007426/cf_port --------
L 03/07/2022 - 16:03:11: Log file closed.
L 03/07/2022 - 16:03:49: SourceMod log file session started (file "/home/namluu253/serverfiles/csgo/addons/sourcemod/logs/L20220307.log") (Version "1.10.0.6529")
L 03/07/2022 - 16:03:49: -------- Mapchange to workshop/852482518/de_destroy --------
L 03/07/2022 - 16:03:52: -------- Mapchange to workshop/852482518/de_destroy --------
L 03/07/2022 - 17:05:51: Log file closed.
L 03/07/2022 - 17:06:10: SourceMod log file session started (file "/home/namluu253/serverfiles/csgo/addons/sourcemod/logs/L20220307.log") (Version "1.10.0.6529")
L 03/07/2022 - 17:06:10: -------- Mapchange to workshop/1541957857/newankara --------
L 03/07/2022 - 17:06:15: -------- Mapchange to workshop/1541957857/newankara --------
L 03/07/2022 - 17:13:53: Log file closed.
L 03/07/2022 - 17:15:05: SourceMod log file session started (file "/home/namluu253/serverfiles/csgo/addons/sourcemod/logs/L20220307.log") (Version "1.10.0.6529")
L 03/07/2022 - 17:15:05: -------- Mapchange to workshop/151072209/de_sa_the_3rd_supplybase_v7_sp --------
L 03/07/2022 - 17:15:08: -------- Mapchange to workshop/151072209/de_sa_the_3rd_supplybase_v7_sp --------
L 03/07/2022 - 17:17:05: [SM] Changed map to "cs_office"
L 03/07/2022 - 17:17:06: -------- Mapchange to cs_office --------
L 03/07/2022 - 17:17:31: [basecommands.smx] "Console<0><Console><Console>" changed map to "workshop/151072209/de_sa_the_3rd_supplybase_v7_sp.bsp"
L 03/07/2022 - 17:17:34: [SM] Changed map to "workshop/151072209/de_sa_the_3rd_supplybase_v7_sp.bsp"
L 03/07/2022 - 17:17:34: -------- Mapchange to workshop/151072209/de_sa_the_3rd_supplybase_v7_sp --------
L 03/07/2022 - 18:36:05: Log file closed.
