L 05/31/2022 - 06:36:58: SourceMod log file session started (file "/home/luukevin29/serverfiles/csgo/addons/sourcemod/logs/L20220531.log") (Version "1.10.0.6529")
L 05/31/2022 - 06:36:58: [UPDATER] Successfully updated gamedata file "sdktools.games/game.reactivedrop.txt"
L 05/31/2022 - 06:36:58: [UPDATER] Successfully updated gamedata file "sdkhooks.games/game.reactivedrop.txt"
L 05/31/2022 - 06:36:58: [UPDATER] Successfully updated gamedata file "core.games/engine.swarm.txt"
L 05/31/2022 - 06:36:58: [UPDATER] SourceMod has been updated, please reload it or restart your server.
L 05/31/2022 - 06:36:58: [chat-processor.smx] Message formats generated for game 'csgo'.
L 05/31/2022 - 06:36:58: [chat-processor.smx] Successfully hooked a SayText2 chat hook.
L 05/31/2022 - 06:36:59: [weapons.smx] SQLite DB connection successful
L 05/31/2022 - 06:36:59: [weapons.smx] Inactive players' data has been deleted
L 05/31/2022 - 06:37:06: -------- Mapchange to de_dust2 --------
L 05/31/2022 - 06:37:07: [chat-processor.smx] Message formats generated for game 'csgo'.
L 05/31/2022 - 06:37:07: [chat-processor.smx] Successfully hooked a SayText2 chat hook.
L 05/31/2022 - 06:37:08: [weapons.smx] Inactive players' data has been deleted
L 05/31/2022 - 06:44:32: [retryonrestart.smx] The server was restarted, attempted to reconnect all players.
L 05/31/2022 - 06:44:33: Log file closed.
L 05/31/2022 - 06:44:47: SourceMod log file session started (file "/home/luukevin29/serverfiles/csgo/addons/sourcemod/logs/L20220531.log") (Version "1.10.0.6529")
L 05/31/2022 - 06:44:47: [GEOIP] GeoIP database info: GEO-106FREE 20180327 Build 1 Copyright (c) 2018 MaxMind Inc All Rights Reserved
L 05/31/2022 - 06:44:49: [chat-processor.smx] Message formats generated for game 'csgo'.
L 05/31/2022 - 06:44:49: [chat-processor.smx] Successfully hooked a SayText2 chat hook.
L 05/31/2022 - 06:44:50: [weapons.smx] SQLite DB connection successful
L 05/31/2022 - 06:44:50: [weapons.smx] Inactive players' data has been deleted
L 05/31/2022 - 06:44:58: -------- Mapchange to de_dust2 --------
L 05/31/2022 - 06:45:00: [chat-processor.smx] Message formats generated for game 'csgo'.
L 05/31/2022 - 06:45:00: [chat-processor.smx] Successfully hooked a SayText2 chat hook.
L 05/31/2022 - 06:45:00: [weapons.smx] Inactive players' data has been deleted
L 05/31/2022 - 06:48:12: SourceMod log file session started (file "/home/luukevin29/serverfiles/csgo/addons/sourcemod/logs/L20220531.log") (Version "1.10.0.6529")
L 05/31/2022 - 06:48:12: [GEOIP] GeoIP database info: GEO-106FREE 20180327 Build 1 Copyright (c) 2018 MaxMind Inc All Rights Reserved
L 05/31/2022 - 06:48:14: [chat-processor.smx] Message formats generated for game 'csgo'.
L 05/31/2022 - 06:48:14: [chat-processor.smx] Successfully hooked a SayText2 chat hook.
L 05/31/2022 - 06:48:14: [weapons.smx] SQLite DB connection successful
L 05/31/2022 - 06:48:14: [weapons.smx] Inactive players' data has been deleted
L 05/31/2022 - 06:48:44: -------- Mapchange to de_dust2 --------
L 05/31/2022 - 06:48:46: [chat-processor.smx] Message formats generated for game 'csgo'.
L 05/31/2022 - 06:48:46: [chat-processor.smx] Successfully hooked a SayText2 chat hook.
L 05/31/2022 - 06:48:46: [weapons.smx] Inactive players' data has been deleted
L 05/31/2022 - 06:51:13: [retryonrestart.smx] The server was restarted, attempted to reconnect all players.
L 05/31/2022 - 06:51:14: Log file closed.
L 05/31/2022 - 06:51:28: SourceMod log file session started (file "/home/luukevin29/serverfiles/csgo/addons/sourcemod/logs/L20220531.log") (Version "1.10.0.6529")
L 05/31/2022 - 06:51:28: [GEOIP] GeoIP database info: GEO-106FREE 20180327 Build 1 Copyright (c) 2018 MaxMind Inc All Rights Reserved
L 05/31/2022 - 06:51:30: [chat-processor.smx] Message formats generated for game 'csgo'.
L 05/31/2022 - 06:51:30: [chat-processor.smx] Successfully hooked a SayText2 chat hook.
L 05/31/2022 - 06:51:30: [weapons.smx] SQLite DB connection successful
L 05/31/2022 - 06:51:30: [weapons.smx] Inactive players' data has been deleted
L 05/31/2022 - 06:51:33: -------- Mapchange to de_dust2 --------
L 05/31/2022 - 06:51:35: [chat-processor.smx] Message formats generated for game 'csgo'.
L 05/31/2022 - 06:51:35: [chat-processor.smx] Successfully hooked a SayText2 chat hook.
L 05/31/2022 - 06:51:36: [weapons.smx] Inactive players' data has been deleted
L 05/31/2022 - 07:05:02: -------- Mapchange to de_dust2 --------
L 05/31/2022 - 07:05:04: [chat-processor.smx] Message formats generated for game 'csgo'.
L 05/31/2022 - 07:05:04: [chat-processor.smx] Successfully hooked a SayText2 chat hook.
L 05/31/2022 - 07:05:04: [weapons.smx] Inactive players' data has been deleted
L 05/31/2022 - 07:10:44: SourceMod log file session started (file "/home/luukevin29/serverfiles/csgo/addons/sourcemod/logs/L20220531.log") (Version "1.10.0.6529")
L 05/31/2022 - 07:10:44: [GEOIP] GeoIP database info: GEO-106FREE 20180327 Build 1 Copyright (c) 2018 MaxMind Inc All Rights Reserved
L 05/31/2022 - 07:10:46: [chat-processor.smx] Message formats generated for game 'csgo'.
L 05/31/2022 - 07:10:46: [chat-processor.smx] Successfully hooked a SayText2 chat hook.
L 05/31/2022 - 07:10:46: [weapons.smx] SQLite DB connection successful
L 05/31/2022 - 07:10:47: [weapons.smx] Inactive players' data has been deleted
L 05/31/2022 - 07:11:40: -------- Mapchange to de_dust2 --------
L 05/31/2022 - 07:11:41: [chat-processor.smx] Message formats generated for game 'csgo'.
L 05/31/2022 - 07:11:41: [chat-processor.smx] Successfully hooked a SayText2 chat hook.
L 05/31/2022 - 07:11:42: [weapons.smx] Inactive players' data has been deleted
L 05/31/2022 - 07:15:07: [retryonrestart.smx] The server was restarted, attempted to reconnect all players.
L 05/31/2022 - 07:15:08: Log file closed.
L 05/31/2022 - 07:15:21: SourceMod log file session started (file "/home/luukevin29/serverfiles/csgo/addons/sourcemod/logs/L20220531.log") (Version "1.10.0.6529")
L 05/31/2022 - 07:15:21: [GEOIP] GeoIP database info: GEO-106FREE 20180327 Build 1 Copyright (c) 2018 MaxMind Inc All Rights Reserved
L 05/31/2022 - 07:15:23: [chat-processor.smx] Message formats generated for game 'csgo'.
L 05/31/2022 - 07:15:23: [chat-processor.smx] Successfully hooked a SayText2 chat hook.
L 05/31/2022 - 07:15:23: [weapons.smx] SQLite DB connection successful
L 05/31/2022 - 07:15:23: [weapons.smx] Inactive players' data has been deleted
L 05/31/2022 - 07:15:28: -------- Mapchange to de_dust2 --------
L 05/31/2022 - 07:15:30: [chat-processor.smx] Message formats generated for game 'csgo'.
L 05/31/2022 - 07:15:30: [chat-processor.smx] Successfully hooked a SayText2 chat hook.
L 05/31/2022 - 07:15:30: [weapons.smx] Inactive players' data has been deleted
L 05/31/2022 - 07:21:55: [retryonrestart.smx] The server was restarted, attempted to reconnect all players.
L 05/31/2022 - 07:21:56: Log file closed.
L 05/31/2022 - 07:22:10: SourceMod log file session started (file "/home/luukevin29/serverfiles/csgo/addons/sourcemod/logs/L20220531.log") (Version "1.10.0.6529")
L 05/31/2022 - 07:22:10: [GEOIP] GeoIP database info: GEO-106FREE 20180327 Build 1 Copyright (c) 2018 MaxMind Inc All Rights Reserved
L 05/31/2022 - 07:22:12: [chat-processor.smx] Message formats generated for game 'csgo'.
L 05/31/2022 - 07:22:12: [chat-processor.smx] Successfully hooked a SayText2 chat hook.
L 05/31/2022 - 07:22:13: [weapons.smx] SQLite DB connection successful
L 05/31/2022 - 07:22:13: [weapons.smx] Inactive players' data has been deleted
L 05/31/2022 - 07:22:17: -------- Mapchange to de_dust2 --------
L 05/31/2022 - 07:22:18: [chat-processor.smx] Message formats generated for game 'csgo'.
L 05/31/2022 - 07:22:18: [chat-processor.smx] Successfully hooked a SayText2 chat hook.
L 05/31/2022 - 07:22:19: [weapons.smx] Inactive players' data has been deleted
L 05/31/2022 - 07:23:58: [retryonrestart.smx] The server was restarted, attempted to reconnect all players.
L 05/31/2022 - 07:23:59: Log file closed.
L 05/31/2022 - 07:24:16: SourceMod log file session started (file "/home/luukevin29/serverfiles/csgo/addons/sourcemod/logs/L20220531.log") (Version "1.10.0.6529")
L 05/31/2022 - 07:24:16: [GEOIP] GeoIP database info: GEO-106FREE 20180327 Build 1 Copyright (c) 2018 MaxMind Inc All Rights Reserved
L 05/31/2022 - 07:24:18: [chat-processor.smx] Message formats generated for game 'csgo'.
L 05/31/2022 - 07:24:18: [chat-processor.smx] Successfully hooked a SayText2 chat hook.
L 05/31/2022 - 07:24:19: [weapons.smx] SQLite DB connection successful
L 05/31/2022 - 07:24:19: [weapons.smx] Inactive players' data has been deleted
L 05/31/2022 - 07:24:25: -------- Mapchange to de_dust2 --------
L 05/31/2022 - 07:24:27: [chat-processor.smx] Message formats generated for game 'csgo'.
L 05/31/2022 - 07:24:27: [chat-processor.smx] Successfully hooked a SayText2 chat hook.
L 05/31/2022 - 07:24:27: [weapons.smx] Inactive players' data has been deleted
L 05/31/2022 - 07:27:36: [retryonrestart.smx] The server was restarted, attempted to reconnect all players.
L 05/31/2022 - 07:27:37: Log file closed.
L 05/31/2022 - 07:27:52: SourceMod log file session started (file "/home/luukevin29/serverfiles/csgo/addons/sourcemod/logs/L20220531.log") (Version "1.10.0.6529")
L 05/31/2022 - 07:27:52: [GEOIP] GeoIP database info: GEO-106FREE 20180327 Build 1 Copyright (c) 2018 MaxMind Inc All Rights Reserved
L 05/31/2022 - 07:27:54: [chat-processor.smx] Message formats generated for game 'csgo'.
L 05/31/2022 - 07:27:54: [chat-processor.smx] Successfully hooked a SayText2 chat hook.
L 05/31/2022 - 07:27:55: [weapons.smx] SQLite DB connection successful
L 05/31/2022 - 07:27:55: [weapons.smx] Inactive players' data has been deleted
L 05/31/2022 - 07:28:04: -------- Mapchange to de_dust2 --------
L 05/31/2022 - 07:28:05: [chat-processor.smx] Message formats generated for game 'csgo'.
L 05/31/2022 - 07:28:05: [chat-processor.smx] Successfully hooked a SayText2 chat hook.
L 05/31/2022 - 07:28:06: [weapons.smx] Inactive players' data has been deleted
L 05/31/2022 - 07:37:43: [retryonrestart.smx] The server was restarted, attempted to reconnect all players.
L 05/31/2022 - 07:37:44: Log file closed.
L 05/31/2022 - 07:37:57: SourceMod log file session started (file "/home/luukevin29/serverfiles/csgo/addons/sourcemod/logs/L20220531.log") (Version "1.10.0.6529")
L 05/31/2022 - 07:37:57: [GEOIP] GeoIP database info: GEO-106FREE 20180327 Build 1 Copyright (c) 2018 MaxMind Inc All Rights Reserved
L 05/31/2022 - 07:37:59: [chat-processor.smx] Message formats generated for game 'csgo'.
L 05/31/2022 - 07:37:59: [chat-processor.smx] Successfully hooked a SayText2 chat hook.
L 05/31/2022 - 07:38:00: [weapons.smx] SQLite DB connection successful
L 05/31/2022 - 07:38:00: [weapons.smx] Inactive players' data has been deleted
L 05/31/2022 - 07:38:12: -------- Mapchange to de_dust2 --------
L 05/31/2022 - 07:38:14: [chat-processor.smx] Message formats generated for game 'csgo'.
L 05/31/2022 - 07:38:14: [chat-processor.smx] Successfully hooked a SayText2 chat hook.
L 05/31/2022 - 07:38:14: [weapons.smx] Inactive players' data has been deleted
L 05/31/2022 - 07:39:23: [retryonrestart.smx] The server was restarted, attempted to reconnect all players.
L 05/31/2022 - 07:39:24: Log file closed.
L 05/31/2022 - 07:39:37: SourceMod log file session started (file "/home/luukevin29/serverfiles/csgo/addons/sourcemod/logs/L20220531.log") (Version "1.10.0.6529")
L 05/31/2022 - 07:39:37: [GEOIP] GeoIP database info: GEO-106FREE 20180327 Build 1 Copyright (c) 2018 MaxMind Inc All Rights Reserved
L 05/31/2022 - 07:39:39: [chat-processor.smx] Message formats generated for game 'csgo'.
L 05/31/2022 - 07:39:39: [chat-processor.smx] Successfully hooked a SayText2 chat hook.
L 05/31/2022 - 07:39:40: [weapons.smx] SQLite DB connection successful
L 05/31/2022 - 07:39:40: [weapons.smx] Inactive players' data has been deleted
L 05/31/2022 - 07:39:47: -------- Mapchange to de_dust2 --------
L 05/31/2022 - 07:39:48: [chat-processor.smx] Message formats generated for game 'csgo'.
L 05/31/2022 - 07:39:48: [chat-processor.smx] Successfully hooked a SayText2 chat hook.
L 05/31/2022 - 07:39:49: [weapons.smx] Inactive players' data has been deleted
L 05/31/2022 - 07:46:00: [retryonrestart.smx] The server was restarted, attempted to reconnect all players.
L 05/31/2022 - 07:46:01: Log file closed.
L 05/31/2022 - 07:46:15: SourceMod log file session started (file "/home/luukevin29/serverfiles/csgo/addons/sourcemod/logs/L20220531.log") (Version "1.10.0.6529")
L 05/31/2022 - 07:46:15: [GEOIP] GeoIP database info: GEO-106FREE 20180327 Build 1 Copyright (c) 2018 MaxMind Inc All Rights Reserved
L 05/31/2022 - 07:46:16: [chat-processor.smx] Message formats generated for game 'csgo'.
L 05/31/2022 - 07:46:16: [chat-processor.smx] Successfully hooked a SayText2 chat hook.
L 05/31/2022 - 07:46:17: [weapons.smx] SQLite DB connection successful
L 05/31/2022 - 07:46:17: [weapons.smx] Inactive players' data has been deleted
L 05/31/2022 - 07:46:33: -------- Mapchange to de_dust2 --------
L 05/31/2022 - 07:46:34: [chat-processor.smx] Message formats generated for game 'csgo'.
L 05/31/2022 - 07:46:34: [chat-processor.smx] Successfully hooked a SayText2 chat hook.
L 05/31/2022 - 07:46:35: [weapons.smx] Inactive players' data has been deleted
L 05/31/2022 - 15:49:55: [retryonrestart.smx] The server was restarted, attempted to reconnect all players.
L 05/31/2022 - 15:49:56: Log file closed.
L 05/31/2022 - 15:50:09: SourceMod log file session started (file "/home/luukevin29/serverfiles/csgo/addons/sourcemod/logs/L20220531.log") (Version "1.10.0.6529")
L 05/31/2022 - 15:50:09: [GEOIP] GeoIP database info: GEO-106FREE 20180327 Build 1 Copyright (c) 2018 MaxMind Inc All Rights Reserved
L 05/31/2022 - 15:50:11: [chat-processor.smx] Message formats generated for game 'csgo'.
L 05/31/2022 - 15:50:11: [chat-processor.smx] Successfully hooked a SayText2 chat hook.
L 05/31/2022 - 15:50:12: [weapons.smx] SQLite DB connection successful
L 05/31/2022 - 15:50:12: [weapons.smx] Inactive players' data has been deleted
L 05/31/2022 - 15:50:18: -------- Mapchange to de_dust2 --------
L 05/31/2022 - 15:50:19: [chat-processor.smx] Message formats generated for game 'csgo'.
L 05/31/2022 - 15:50:19: [chat-processor.smx] Successfully hooked a SayText2 chat hook.
L 05/31/2022 - 15:50:20: [weapons.smx] Inactive players' data has been deleted
L 05/31/2022 - 15:55:52: [retryonrestart.smx] The server was restarted, attempted to reconnect all players.
L 05/31/2022 - 15:55:53: Log file closed.
L 05/31/2022 - 15:56:07: SourceMod log file session started (file "/home/luukevin29/serverfiles/csgo/addons/sourcemod/logs/L20220531.log") (Version "1.10.0.6529")
L 05/31/2022 - 15:56:07: [GEOIP] GeoIP database info: GEO-106FREE 20180327 Build 1 Copyright (c) 2018 MaxMind Inc All Rights Reserved
L 05/31/2022 - 15:56:09: [chat-processor.smx] Message formats generated for game 'csgo'.
L 05/31/2022 - 15:56:09: [chat-processor.smx] Successfully hooked a SayText2 chat hook.
L 05/31/2022 - 15:56:10: [weapons.smx] SQLite DB connection successful
L 05/31/2022 - 15:56:10: [weapons.smx] Inactive players' data has been deleted
L 05/31/2022 - 15:56:19: -------- Mapchange to de_dust2 --------
L 05/31/2022 - 15:56:21: [chat-processor.smx] Message formats generated for game 'csgo'.
L 05/31/2022 - 15:56:21: [chat-processor.smx] Successfully hooked a SayText2 chat hook.
L 05/31/2022 - 15:56:21: [weapons.smx] Inactive players' data has been deleted
L 05/31/2022 - 16:02:00: [retryonrestart.smx] The server was restarted, attempted to reconnect all players.
L 05/31/2022 - 16:02:01: Log file closed.
L 05/31/2022 - 16:02:17: SourceMod log file session started (file "/home/luukevin29/serverfiles/csgo/addons/sourcemod/logs/L20220531.log") (Version "1.10.0.6529")
L 05/31/2022 - 16:02:17: [GEOIP] GeoIP database info: GEO-106FREE 20180327 Build 1 Copyright (c) 2018 MaxMind Inc All Rights Reserved
L 05/31/2022 - 16:02:19: [chat-processor.smx] Message formats generated for game 'csgo'.
L 05/31/2022 - 16:02:19: [chat-processor.smx] Successfully hooked a SayText2 chat hook.
L 05/31/2022 - 16:02:19: [weapons.smx] SQLite DB connection successful
L 05/31/2022 - 16:02:19: [weapons.smx] Inactive players' data has been deleted
L 05/31/2022 - 16:02:29: -------- Mapchange to de_dust2 --------
L 05/31/2022 - 16:02:30: [chat-processor.smx] Message formats generated for game 'csgo'.
L 05/31/2022 - 16:02:30: [chat-processor.smx] Successfully hooked a SayText2 chat hook.
L 05/31/2022 - 16:02:31: [weapons.smx] Inactive players' data has been deleted
L 05/31/2022 - 16:11:34: SourceMod log file session started (file "/home/luukevin29/serverfiles/csgo/addons/sourcemod/logs/L20220531.log") (Version "1.10.0.6529")
L 05/31/2022 - 16:11:34: [GEOIP] GeoIP database info: GEO-106FREE 20180327 Build 1 Copyright (c) 2018 MaxMind Inc All Rights Reserved
L 05/31/2022 - 16:11:36: [chat-processor.smx] Message formats generated for game 'csgo'.
L 05/31/2022 - 16:11:36: [chat-processor.smx] Successfully hooked a SayText2 chat hook.
L 05/31/2022 - 16:11:36: [weapons.smx] SQLite DB connection successful
L 05/31/2022 - 16:11:36: [weapons.smx] Inactive players' data has been deleted
L 05/31/2022 - 16:11:48: -------- Mapchange to de_dust2 --------
L 05/31/2022 - 16:11:50: [chat-processor.smx] Message formats generated for game 'csgo'.
L 05/31/2022 - 16:11:50: [chat-processor.smx] Successfully hooked a SayText2 chat hook.
L 05/31/2022 - 16:11:50: [weapons.smx] Inactive players' data has been deleted
L 05/31/2022 - 16:16:22: [retryonrestart.smx] The server was restarted, attempted to reconnect all players.
L 05/31/2022 - 16:16:23: Log file closed.
L 05/31/2022 - 16:16:37: SourceMod log file session started (file "/home/luukevin29/serverfiles/csgo/addons/sourcemod/logs/L20220531.log") (Version "1.10.0.6529")
L 05/31/2022 - 16:16:37: [GEOIP] GeoIP database info: GEO-106FREE 20180327 Build 1 Copyright (c) 2018 MaxMind Inc All Rights Reserved
L 05/31/2022 - 16:16:39: [chat-processor.smx] Message formats generated for game 'csgo'.
L 05/31/2022 - 16:16:39: [chat-processor.smx] Successfully hooked a SayText2 chat hook.
L 05/31/2022 - 16:16:39: [weapons.smx] SQLite DB connection successful
L 05/31/2022 - 16:16:39: [weapons.smx] Inactive players' data has been deleted
L 05/31/2022 - 16:16:47: -------- Mapchange to de_dust2 --------
L 05/31/2022 - 16:16:48: [chat-processor.smx] Message formats generated for game 'csgo'.
L 05/31/2022 - 16:16:48: [chat-processor.smx] Successfully hooked a SayText2 chat hook.
L 05/31/2022 - 16:16:49: [weapons.smx] Inactive players' data has been deleted
L 05/31/2022 - 16:22:17: -------- Mapchange to de_dust2 --------
L 05/31/2022 - 16:22:19: [chat-processor.smx] Message formats generated for game 'csgo'.
L 05/31/2022 - 16:22:19: [chat-processor.smx] Successfully hooked a SayText2 chat hook.
L 05/31/2022 - 16:22:19: [weapons.smx] Inactive players' data has been deleted
L 05/31/2022 - 16:23:32: -------- Mapchange to de_dust2 --------
L 05/31/2022 - 16:23:34: [chat-processor.smx] Message formats generated for game 'csgo'.
L 05/31/2022 - 16:23:34: [chat-processor.smx] Successfully hooked a SayText2 chat hook.
L 05/31/2022 - 16:23:34: [weapons.smx] Inactive players' data has been deleted
L 05/31/2022 - 16:23:47: [retryonrestart.smx] The server was restarted, attempted to reconnect all players.
L 05/31/2022 - 16:23:48: Log file closed.
L 05/31/2022 - 16:24:01: SourceMod log file session started (file "/home/luukevin29/serverfiles/csgo/addons/sourcemod/logs/L20220531.log") (Version "1.10.0.6529")
L 05/31/2022 - 16:24:01: [GEOIP] GeoIP database info: GEO-106FREE 20180327 Build 1 Copyright (c) 2018 MaxMind Inc All Rights Reserved
L 05/31/2022 - 16:24:03: [chat-processor.smx] Message formats generated for game 'csgo'.
L 05/31/2022 - 16:24:03: [chat-processor.smx] Successfully hooked a SayText2 chat hook.
L 05/31/2022 - 16:24:04: [weapons.smx] SQLite DB connection successful
L 05/31/2022 - 16:24:04: [weapons.smx] Inactive players' data has been deleted
L 05/31/2022 - 16:24:12: -------- Mapchange to de_dust2 --------
L 05/31/2022 - 16:24:14: [chat-processor.smx] Message formats generated for game 'csgo'.
L 05/31/2022 - 16:24:14: [chat-processor.smx] Successfully hooked a SayText2 chat hook.
L 05/31/2022 - 16:24:14: [weapons.smx] Inactive players' data has been deleted
L 05/31/2022 - 16:24:23: [hextags.smx] chila hao xiongdi<2><STEAM_1:0:169739350><> was changed by an external plugin, forcing him back to the HexTags' default one!
L 05/31/2022 - 16:25:32: -------- Mapchange to de_dust2 --------
L 05/31/2022 - 16:25:34: [chat-processor.smx] Message formats generated for game 'csgo'.
L 05/31/2022 - 16:25:34: [chat-processor.smx] Successfully hooked a SayText2 chat hook.
L 05/31/2022 - 16:25:34: [weapons.smx] Inactive players' data has been deleted
L 05/31/2022 - 16:30:06: [retryonrestart.smx] The server was restarted, attempted to reconnect all players.
L 05/31/2022 - 16:30:07: Log file closed.
L 05/31/2022 - 16:30:21: SourceMod log file session started (file "/home/luukevin29/serverfiles/csgo/addons/sourcemod/logs/L20220531.log") (Version "1.10.0.6529")
L 05/31/2022 - 16:30:21: [GEOIP] GeoIP database info: GEO-106FREE 20180327 Build 1 Copyright (c) 2018 MaxMind Inc All Rights Reserved
L 05/31/2022 - 16:30:23: [chat-processor.smx] Message formats generated for game 'csgo'.
L 05/31/2022 - 16:30:23: [chat-processor.smx] Successfully hooked a SayText2 chat hook.
L 05/31/2022 - 16:30:23: [weapons.smx] SQLite DB connection successful
L 05/31/2022 - 16:30:23: [weapons.smx] Inactive players' data has been deleted
L 05/31/2022 - 16:30:27: -------- Mapchange to de_dust2 --------
L 05/31/2022 - 16:30:29: [chat-processor.smx] Message formats generated for game 'csgo'.
L 05/31/2022 - 16:30:29: [chat-processor.smx] Successfully hooked a SayText2 chat hook.
L 05/31/2022 - 16:30:29: [weapons.smx] Inactive players' data has been deleted
L 05/31/2022 - 16:30:37: [hextags.smx] chila hao xiongdi<2><STEAM_1:0:169739350><> was changed by an external plugin, forcing him back to the HexTags' default one!
L 05/31/2022 - 16:32:01: [retryonrestart.smx] The server was restarted, attempted to reconnect all players.
L 05/31/2022 - 16:32:02: Log file closed.
L 05/31/2022 - 16:32:24: SourceMod log file session started (file "/home/luukevin29/serverfiles/csgo/addons/sourcemod/logs/L20220531.log") (Version "1.10.0.6529")
L 05/31/2022 - 16:32:24: [GEOIP] GeoIP database info: GEO-106FREE 20180327 Build 1 Copyright (c) 2018 MaxMind Inc All Rights Reserved
L 05/31/2022 - 16:32:26: [chat-processor.smx] Message formats generated for game 'csgo'.
L 05/31/2022 - 16:32:26: [chat-processor.smx] Successfully hooked a SayText2 chat hook.
L 05/31/2022 - 16:32:27: [weapons.smx] SQLite DB connection successful
L 05/31/2022 - 16:32:27: [weapons.smx] Inactive players' data has been deleted
L 05/31/2022 - 16:32:34: -------- Mapchange to de_dust2 --------
L 05/31/2022 - 16:32:36: [chat-processor.smx] Message formats generated for game 'csgo'.
L 05/31/2022 - 16:32:36: [chat-processor.smx] Successfully hooked a SayText2 chat hook.
L 05/31/2022 - 16:32:36: [weapons.smx] Inactive players' data has been deleted
L 05/31/2022 - 16:44:54: [retryonrestart.smx] The server was restarted, attempted to reconnect all players.
L 05/31/2022 - 16:44:55: Log file closed.
L 05/31/2022 - 16:45:10: SourceMod log file session started (file "/home/luukevin29/serverfiles/csgo/addons/sourcemod/logs/L20220531.log") (Version "1.10.0.6529")
L 05/31/2022 - 16:45:10: [GEOIP] GeoIP database info: GEO-106FREE 20180327 Build 1 Copyright (c) 2018 MaxMind Inc All Rights Reserved
L 05/31/2022 - 16:45:12: [chat-processor.smx] Message formats generated for game 'csgo'.
L 05/31/2022 - 16:45:12: [chat-processor.smx] Successfully hooked a SayText2 chat hook.
L 05/31/2022 - 16:45:13: [weapons.smx] SQLite DB connection successful
L 05/31/2022 - 16:45:13: [weapons.smx] Inactive players' data has been deleted
L 05/31/2022 - 16:45:22: -------- Mapchange to de_dust2 --------
L 05/31/2022 - 16:45:23: [chat-processor.smx] Message formats generated for game 'csgo'.
L 05/31/2022 - 16:45:23: [chat-processor.smx] Successfully hooked a SayText2 chat hook.
L 05/31/2022 - 16:45:24: [weapons.smx] Inactive players' data has been deleted
L 05/31/2022 - 16:45:32: [hextags.smx] chila hao xiongdi<2><STEAM_1:0:169739350><> was changed by an external plugin, forcing him back to the HexTags' default one!
L 05/31/2022 - 16:46:42: [retryonrestart.smx] The server was restarted, attempted to reconnect all players.
L 05/31/2022 - 16:46:44: Log file closed.
L 05/31/2022 - 16:46:57: SourceMod log file session started (file "/home/luukevin29/serverfiles/csgo/addons/sourcemod/logs/L20220531.log") (Version "1.10.0.6529")
L 05/31/2022 - 16:46:57: [GEOIP] GeoIP database info: GEO-106FREE 20180327 Build 1 Copyright (c) 2018 MaxMind Inc All Rights Reserved
L 05/31/2022 - 16:46:59: [chat-processor.smx] Message formats generated for game 'csgo'.
L 05/31/2022 - 16:46:59: [chat-processor.smx] Successfully hooked a SayText2 chat hook.
L 05/31/2022 - 16:46:59: [weapons.smx] SQLite DB connection successful
L 05/31/2022 - 16:46:59: [weapons.smx] Inactive players' data has been deleted
L 05/31/2022 - 16:47:04: -------- Mapchange to de_dust2 --------
L 05/31/2022 - 16:47:05: [chat-processor.smx] Message formats generated for game 'csgo'.
L 05/31/2022 - 16:47:05: [chat-processor.smx] Successfully hooked a SayText2 chat hook.
L 05/31/2022 - 16:47:06: [weapons.smx] Inactive players' data has been deleted
L 05/31/2022 - 16:47:13: [hextags.smx] chila hao xiongdi<2><STEAM_1:0:169739350><> was changed by an external plugin, forcing him back to the HexTags' default one!
L 05/31/2022 - 16:50:28: [retryonrestart.smx] The server was restarted, attempted to reconnect all players.
L 05/31/2022 - 16:50:29: Log file closed.
L 05/31/2022 - 16:50:43: SourceMod log file session started (file "/home/luukevin29/serverfiles/csgo/addons/sourcemod/logs/L20220531.log") (Version "1.10.0.6529")
L 05/31/2022 - 16:50:43: [GEOIP] GeoIP database info: GEO-106FREE 20180327 Build 1 Copyright (c) 2018 MaxMind Inc All Rights Reserved
L 05/31/2022 - 16:50:45: [chat-processor.smx] Message formats generated for game 'csgo'.
L 05/31/2022 - 16:50:45: [chat-processor.smx] Successfully hooked a SayText2 chat hook.
L 05/31/2022 - 16:50:45: [weapons.smx] SQLite DB connection successful
L 05/31/2022 - 16:50:45: [weapons.smx] Inactive players' data has been deleted
L 05/31/2022 - 16:50:50: -------- Mapchange to de_dust2 --------
L 05/31/2022 - 16:50:52: [chat-processor.smx] Message formats generated for game 'csgo'.
L 05/31/2022 - 16:50:52: [chat-processor.smx] Successfully hooked a SayText2 chat hook.
L 05/31/2022 - 16:50:52: [weapons.smx] Inactive players' data has been deleted
L 05/31/2022 - 16:50:59: [hextags.smx] chila hao xiongdi<2><STEAM_1:0:169739350><> was changed by an external plugin, forcing him back to the HexTags' default one!
