L 03/06/2022 - 07:51:26: SourceMod log file session started (file "/home/namluu253/serverfiles/csgo/addons/sourcemod/logs/L20220306.log") (Version "1.10.0.6529")
L 03/06/2022 - 07:51:26: -------- Mapchange to de_dust2 --------
L 03/06/2022 - 07:52:26: Log file closed.
L 03/06/2022 - 08:14:12: SourceMod log file session started (file "/home/namluu253/serverfiles/csgo/addons/sourcemod/logs/L20220306.log") (Version "1.10.0.6529")
L 03/06/2022 - 08:14:12: -------- Mapchange to de_dust2 --------
L 03/06/2022 - 09:16:02: -------- Mapchange to de_dust2 --------
L 03/06/2022 - 09:17:57: -------- Mapchange to de_dust2 --------
L 03/06/2022 - 11:29:52: Log file closed.
L 03/06/2022 - 11:34:18: SourceMod log file session started (file "/home/namluu253/serverfiles/csgo/addons/sourcemod/logs/L20220306.log") (Version "1.10.0.6529")
L 03/06/2022 - 11:34:18: -------- Mapchange to de_dust2 --------
L 03/06/2022 - 13:03:24: Log file closed.
L 03/06/2022 - 13:23:53: SourceMod log file session started (file "/home/namluu253/serverfiles/csgo/addons/sourcemod/logs/L20220306.log") (Version "1.10.0.6529")
L 03/06/2022 - 13:23:53: -------- Mapchange to de_dust2 --------
L 03/06/2022 - 13:28:06: Log file closed.
L 03/06/2022 - 13:28:49: SourceMod log file session started (file "/home/namluu253/serverfiles/csgo/addons/sourcemod/logs/L20220306.log") (Version "1.10.0.6529")
L 03/06/2022 - 13:28:49: -------- Mapchange to de_dust2 --------
L 03/06/2022 - 13:44:09: [basecommands.smx] "Yun<5><STEAM_1:0:449534485><>" changed map to "cs_office"
L 03/06/2022 - 13:44:12: [SM] Changed map to "cs_office"
L 03/06/2022 - 13:44:13: -------- Mapchange to cs_office --------
L 03/06/2022 - 14:30:42: Log file closed.
L 03/06/2022 - 14:31:25: SourceMod log file session started (file "/home/namluu253/serverfiles/csgo/addons/sourcemod/logs/L20220306.log") (Version "1.10.0.6529")
L 03/06/2022 - 14:31:25: -------- Mapchange to de_dust2 --------
L 03/06/2022 - 14:51:59: -------- Mapchange to de_dust2 --------
L 03/06/2022 - 16:43:14: Log file closed.
L 03/06/2022 - 16:45:39: SourceMod log file session started (file "/home/namluu253/serverfiles/csgo/addons/sourcemod/logs/L20220306.log") (Version "1.10.0.6529")
L 03/06/2022 - 16:45:39: -------- Mapchange to de_dust2 --------
L 03/06/2022 - 16:48:58: Log file closed.
L 03/06/2022 - 16:49:37: SourceMod log file session started (file "/home/namluu253/serverfiles/csgo/addons/sourcemod/logs/L20220306.log") (Version "1.10.0.6529")
L 03/06/2022 - 16:49:37: -------- Mapchange to de_dust2 --------
L 03/06/2022 - 17:32:11: Log file closed.
