L 05/17/2022 - 09:32:49: SourceMod log file session started (file "/home/namluu253/serverfiles/csgo/addons/sourcemod/logs/L20220517.log") (Version "1.10.0.6529")
L 05/17/2022 - 09:32:49: [weapons.smx] SQLite DB connection successful
L 05/17/2022 - 09:32:49: [weapons.smx] Inactive players' data has been deleted
L 05/17/2022 - 09:32:51: -------- Mapchange to workshop/424131215/aim_map3G --------
L 05/17/2022 - 09:32:53: [weapons.smx] Inactive players' data has been deleted
L 05/17/2022 - 09:33:02: Log file closed.
L 05/17/2022 - 09:33:44: SourceMod log file session started (file "/home/namluu253/serverfiles/csgo/addons/sourcemod/logs/L20220517.log") (Version "1.10.0.6529")
L 05/17/2022 - 09:33:44: [weapons.smx] SQLite DB connection successful
L 05/17/2022 - 09:33:44: [weapons.smx] Inactive players' data has been deleted
L 05/17/2022 - 09:33:46: -------- Mapchange to workshop/424131215/aim_map3G --------
L 05/17/2022 - 09:33:48: [weapons.smx] Inactive players' data has been deleted
L 05/17/2022 - 09:36:16: Log file closed.
L 05/17/2022 - 09:36:47: SourceMod log file session started (file "/home/namluu253/serverfiles/csgo/addons/sourcemod/logs/L20220517.log") (Version "1.10.0.6529")
L 05/17/2022 - 09:36:47: [weapons.smx] SQLite DB connection successful
L 05/17/2022 - 09:36:47: [weapons.smx] Inactive players' data has been deleted
L 05/17/2022 - 09:36:49: -------- Mapchange to workshop/424131215/aim_map3G --------
L 05/17/2022 - 09:36:50: [weapons.smx] Inactive players' data has been deleted
L 05/17/2022 - 09:38:47: -------- Mapchange to workshop/424131215/aim_map3G --------
L 05/17/2022 - 09:38:49: [weapons.smx] Inactive players' data has been deleted
L 05/17/2022 - 09:46:39: Log file closed.
L 05/17/2022 - 09:47:10: SourceMod log file session started (file "/home/namluu253/serverfiles/csgo/addons/sourcemod/logs/L20220517.log") (Version "1.10.0.6529")
L 05/17/2022 - 09:47:10: [weapons.smx] SQLite DB connection successful
L 05/17/2022 - 09:47:10: [weapons.smx] Inactive players' data has been deleted
L 05/17/2022 - 09:47:11: -------- Mapchange to workshop/424131215/aim_map3G --------
L 05/17/2022 - 09:47:13: [weapons.smx] Inactive players' data has been deleted
L 05/17/2022 - 09:47:14: -------- Mapchange to workshop/424131215/aim_map3G --------
L 05/17/2022 - 09:47:16: [weapons.smx] Inactive players' data has been deleted
L 05/17/2022 - 11:32:32: Log file closed.
L 05/17/2022 - 12:16:03: SourceMod log file session started (file "/home/namluu253/serverfiles/csgo/addons/sourcemod/logs/L20220517.log") (Version "1.10.0.6529")
L 05/17/2022 - 12:16:03: [weapons.smx] SQLite DB connection successful
L 05/17/2022 - 12:16:03: [weapons.smx] Inactive players' data has been deleted
L 05/17/2022 - 12:16:04: -------- Mapchange to workshop/424131215/aim_map3G --------
L 05/17/2022 - 12:16:06: [weapons.smx] Inactive players' data has been deleted
L 05/17/2022 - 12:33:12: -------- Mapchange to workshop/424131215/aim_map3G --------
L 05/17/2022 - 12:33:14: [weapons.smx] Inactive players' data has been deleted
L 05/17/2022 - 12:41:55: [basecommands.smx] "chila hao xiongdi<5><STEAM_1:0:169739350><>" changed map to "de_dust2"
L 05/17/2022 - 12:41:58: [SM] Changed map to "de_dust2"
L 05/17/2022 - 12:42:01: -------- Mapchange to de_dust2 --------
L 05/17/2022 - 12:42:03: [weapons.smx] Inactive players' data has been deleted
L 05/17/2022 - 13:04:47: [basecommands.smx] "chila hao xiongdi<12><STEAM_1:0:169739350><>" changed map to "de_inferno"
L 05/17/2022 - 13:04:50: [SM] Changed map to "de_inferno"
L 05/17/2022 - 13:04:52: -------- Mapchange to de_inferno --------
L 05/17/2022 - 13:04:55: [weapons.smx] Inactive players' data has been deleted
L 05/17/2022 - 13:26:03: Log file closed.
L 05/17/2022 - 18:03:23: SourceMod log file session started (file "/home/namluu253/serverfiles/csgo/addons/sourcemod/logs/L20220517.log") (Version "1.10.0.6529")
L 05/17/2022 - 18:03:23: [weapons.smx] SQLite DB connection successful
L 05/17/2022 - 18:03:23: [weapons.smx] Inactive players' data has been deleted
L 05/17/2022 - 18:03:25: -------- Mapchange to workshop/424131215/aim_map3G --------
L 05/17/2022 - 18:03:27: [weapons.smx] Inactive players' data has been deleted
L 05/17/2022 - 18:03:29: -------- Mapchange to workshop/424131215/aim_map3G --------
L 05/17/2022 - 18:03:31: [weapons.smx] Inactive players' data has been deleted
